# JRE version: Java(TM) SE Runtime Environment (8.0_144-b01) (build 1.8.0_144-b01)
# Java VM: Java HotSpot(TM) 64-Bit Server VM (25.144-b01 mixed mode windows-amd64 compressed oops)
Heap:
 PSYoungGen      total 112640K, used 18674K [0x00000000d5e00000, 0x00000000df080000, 0x0000000100000000)
  eden space 102912K, 8% used [0x00000000d5e00000,0x00000000d66be4b0,0x00000000dc280000)
  from space 9728K, 99% used [0x00000000ddd80000,0x00000000de6fe558,0x00000000de700000)
  to   space 8192K, 0% used [0x00000000de880000,0x00000000de880000,0x00000000df080000)
 ParOldGen       total 59904K, used 12464K [0x0000000081a00000, 0x0000000085480000, 0x00000000d5e00000)
  object space 59904K, 20% used [0x0000000081a00000,0x000000008262c2e0,0x0000000085480000)
 Metaspace       used 30611K, capacity 31304K, committed 31488K, reserved 1077248K
  class space    used 4155K, capacity 4328K, committed 4352K, reserved 1048576K
GC Heap History (10 events):
Event: 3.835 GC heap before
{Heap before GC invocations=4 (full 0):
 PSYoungGen      total 38400K, used 38290K [0x00000000d5e00000, 0x00000000da900000, 0x0000000100000000)
  eden space 33280K, 100% used [0x00000000d5e00000,0x00000000d7e80000,0x00000000d7e80000)
  from space 5120K, 97% used [0x00000000d7e80000,0x00000000d8364af8,0x00000000d8380000)
  to   space 5120K, 0% used [0x00000000da400000,0x00000000da400000,0x00000000da900000)
 ParOldGen       total 87552K, used 24K [0x0000000081a00000, 0x0000000086f80000, 0x00000000d5e00000)
  object space 87552K, 0% used [0x0000000081a00000,0x0000000081a06000,0x0000000086f80000)
 Metaspace       used 16167K, capacity 16600K, committed 16896K, reserved 1064960K
  class space    used 2115K, capacity 2234K, committed 2304K, reserved 1048576K
Event: 3.845 GC heap after
Heap after GC invocations=4 (full 0):
 PSYoungGen      total 71680K, used 5119K [0x00000000d5e00000, 0x00000000da900000, 0x0000000100000000)
  eden space 66560K, 0% used [0x00000000d5e00000,0x00000000d5e00000,0x00000000d9f00000)
  from space 5120K, 99% used [0x00000000da400000,0x00000000da8ffe10,0x00000000da900000)
  to   space 5120K, 0% used [0x00000000d9f00000,0x00000000d9f00000,0x00000000da400000)
 ParOldGen       total 87552K, used 532K [0x0000000081a00000, 0x0000000086f80000, 0x00000000d5e00000)
  object space 87552K, 0% used [0x0000000081a00000,0x0000000081a853a8,0x0000000086f80000)
 Metaspace       used 16167K, capacity 16600K, committed 16896K, reserved 1064960K
  class space    used 2115K, capacity 2234K, committed 2304K, reserved 1048576K
}
Event: 4.753 GC heap before
{Heap before GC invocations=5 (full 0):
 PSYoungGen      total 71680K, used 61263K [0x00000000d5e00000, 0x00000000da900000, 0x0000000100000000)
  eden space 66560K, 84% used [0x00000000d5e00000,0x00000000d94d4088,0x00000000d9f00000)
  from space 5120K, 99% used [0x00000000da400000,0x00000000da8ffe10,0x00000000da900000)
  to   space 5120K, 0% used [0x00000000d9f00000,0x00000000d9f00000,0x00000000da400000)
 ParOldGen       total 87552K, used 532K [0x0000000081a00000, 0x0000000086f80000, 0x00000000d5e00000)
  object space 87552K, 0% used [0x0000000081a00000,0x0000000081a853a8,0x0000000086f80000)
 Metaspace       used 20591K, capacity 21102K, committed 21248K, reserved 1067008K
  class space    used 2625K, capacity 2783K, committed 2816K, reserved 1048576K
Event: 4.773 GC heap after
Heap after GC invocations=5 (full 0):
 PSYoungGen      total 71680K, used 5091K [0x00000000d5e00000, 0x00000000df100000, 0x0000000100000000)
  eden space 66560K, 0% used [0x00000000d5e00000,0x00000000d5e00000,0x00000000d9f00000)
  from space 5120K, 99% used [0x00000000d9f00000,0x00000000da3f8e70,0x00000000da400000)
  to   space 8704K, 0% used [0x00000000de880000,0x00000000de880000,0x00000000df100000)
 ParOldGen       total 87552K, used 4399K [0x0000000081a00000, 0x0000000086f80000, 0x00000000d5e00000)
  object space 87552K, 5% used [0x0000000081a00000,0x0000000081e4bc00,0x0000000086f80000)
 Metaspace       used 20591K, capacity 21102K, committed 21248K, reserved 1067008K
  class space    used 2625K, capacity 2783K, committed 2816K, reserved 1048576K
}
Event: 4.773 GC heap before
{Heap before GC invocations=6 (full 1):
 PSYoungGen      total 71680K, used 5091K [0x00000000d5e00000, 0x00000000df100000, 0x0000000100000000)
  eden space 66560K, 0% used [0x00000000d5e00000,0x00000000d5e00000,0x00000000d9f00000)
  from space 5120K, 99% used [0x00000000d9f00000,0x00000000da3f8e70,0x00000000da400000)
  to   space 8704K, 0% used [0x00000000de880000,0x00000000de880000,0x00000000df100000)
 ParOldGen       total 87552K, used 4399K [0x0000000081a00000, 0x0000000086f80000, 0x00000000d5e00000)
  object space 87552K, 5% used [0x0000000081a00000,0x0000000081e4bc00,0x0000000086f80000)
 Metaspace       used 20591K, capacity 21102K, committed 21248K, reserved 1067008K
  class space    used 2625K, capacity 2783K, committed 2816K, reserved 1048576K
Event: 4.847 GC heap after
Heap after GC invocations=6 (full 1):
 PSYoungGen      total 71680K, used 0K [0x00000000d5e00000, 0x00000000df100000, 0x0000000100000000)
  eden space 66560K, 0% used [0x00000000d5e00000,0x00000000d5e00000,0x00000000d9f00000)
  from space 5120K, 0% used [0x00000000d9f00000,0x00000000d9f00000,0x00000000da400000)
  to   space 8704K, 0% used [0x00000000de880000,0x00000000de880000,0x00000000df100000)
 ParOldGen       total 59904K, used 8802K [0x0000000081a00000, 0x0000000085480000, 0x00000000d5e00000)
  object space 59904K, 14% used [0x0000000081a00000,0x00000000822989e0,0x0000000085480000)
 Metaspace       used 20591K, capacity 21102K, committed 21248K, reserved 1067008K
  class space    used 2625K, capacity 2783K, committed 2816K, reserved 1048576K
}
Event: 6.354 GC heap before
{Heap before GC invocations=7 (full 1):
 PSYoungGen      total 71680K, used 66560K [0x00000000d5e00000, 0x00000000df100000, 0x0000000100000000)
  eden space 66560K, 100% used [0x00000000d5e00000,0x00000000d9f00000,0x00000000d9f00000)
  from space 5120K, 0% used [0x00000000d9f00000,0x00000000d9f00000,0x00000000da400000)
  to   space 8704K, 0% used [0x00000000de880000,0x00000000de880000,0x00000000df100000)
 ParOldGen       total 59904K, used 8802K [0x0000000081a00000, 0x0000000085480000, 0x00000000d5e00000)
  object space 59904K, 14% used [0x0000000081a00000,0x00000000822989e0,0x0000000085480000)
 Metaspace       used 24873K, capacity 25460K, committed 25728K, reserved 1071104K
  class space    used 3189K, capacity 3344K, committed 3456K, reserved 1048576K
Event: 6.374 GC heap after
Heap after GC invocations=7 (full 1):
 PSYoungGen      total 111104K, used 8003K [0x00000000d5e00000, 0x00000000df080000, 0x0000000100000000)
  eden space 102912K, 0% used [0x00000000d5e00000,0x00000000d5e00000,0x00000000dc280000)
  from space 8192K, 97% used [0x00000000de880000,0x00000000df050d18,0x00000000df080000)
  to   space 9728K, 0% used [0x00000000ddd80000,0x00000000ddd80000,0x00000000de700000)
 ParOldGen       total 59904K, used 8874K [0x0000000081a00000, 0x0000000085480000, 0x00000000d5e00000)
  object space 59904K, 14% used [0x0000000081a00000,0x00000000822aa9f0,0x0000000085480000)
 Metaspace       used 24873K, capacity 25460K, committed 25728K, reserved 1071104K
  class space    used 3189K, capacity 3344K, committed 3456K, reserved 1048576K
}
Event: 7.810 GC heap before
{Heap before GC invocations=8 (full 1):
 PSYoungGen      total 111104K, used 110915K [0x00000000d5e00000, 0x00000000df080000, 0x0000000100000000)
  eden space 102912K, 100% used [0x00000000d5e00000,0x00000000dc280000,0x00000000dc280000)
  from space 8192K, 97% used [0x00000000de880000,0x00000000df050d18,0x00000000df080000)
  to   space 9728K, 0% used [0x00000000ddd80000,0x00000000ddd80000,0x00000000de700000)
 ParOldGen       total 59904K, used 8874K [0x0000000081a00000, 0x0000000085480000, 0x00000000d5e00000)
  object space 59904K, 14% used [0x0000000081a00000,0x00000000822aa9f0,0x0000000085480000)
 Metaspace       used 30222K, capacity 30888K, committed 31232K, reserved 1077248K
  class space    used 4061K, capacity 4232K, committed 4352K, reserved 1048576K
Event: 7.833 GC heap after
Heap after GC invocations=8 (full 1):
 PSYoungGen      total 112640K, used 9721K [0x00000000d5e00000, 0x00000000df080000, 0x0000000100000000)
  eden space 102912K, 0% used [0x00000000d5e00000,0x00000000d5e00000,0x00000000dc280000)
  from space 9728K, 99% used [0x00000000ddd80000,0x00000000de6fe558,0x00000000de700000)
  to   space 8192K, 0% used [0x00000000de880000,0x00000000de880000,0x00000000df080000)
 ParOldGen       total 59904K, used 12464K [0x0000000081a00000, 0x0000000085480000, 0x00000000d5e00000)
  object space 59904K, 20% used [0x0000000081a00000,0x000000008262c2e0,0x0000000085480000)
 Metaspace       used 30222K, capacity 30888K, committed 31232K, reserved 1077248K
  class space    used 4061K, capacity 4232K, committed 4352K, reserved 1048576K
}

