# JRE version: Java(TM) SE Runtime Environment (8.0_144-b01) (build 1.8.0_144-b01)
# Java VM: Java HotSpot(TM) 64-Bit Server VM (25.144-b01 mixed mode windows-amd64 compressed oops)
Heap:
 PSYoungGen      total 342016K, used 70311K [0x00000000d5e00000, 0x00000000ed480000, 0x0000000100000000)
  eden space 320000K, 15% used [0x00000000d5e00000,0x00000000d8dff218,0x00000000e9680000)
  from space 22016K, 96% used [0x00000000eac80000,0x00000000ec12abd0,0x00000000ec200000)
  to   space 22528K, 0% used [0x00000000e9680000,0x00000000e9680000,0x00000000eac80000)
 ParOldGen       total 104960K, used 61431K [0x0000000081a00000, 0x0000000088080000, 0x00000000d5e00000)
  object space 104960K, 58% used [0x0000000081a00000,0x00000000855fdda0,0x0000000088080000)
 Metaspace       used 66876K, capacity 68840K, committed 69120K, reserved 1110016K
  class space    used 8493K, capacity 8858K, committed 8960K, reserved 1048576K
GC Heap History (10 events):
Event: 26.301 GC heap before
{Heap before GC invocations=17 (full 2):
 PSYoungGen      total 263680K, used 263659K [0x00000000d5e00000, 0x00000000e7e80000, 0x0000000100000000)
  eden space 250880K, 100% used [0x00000000d5e00000,0x00000000e5300000,0x00000000e5300000)
  from space 12800K, 99% used [0x00000000e7200000,0x00000000e7e7ad20,0x00000000e7e80000)
  to   space 15360K, 0% used [0x00000000e6080000,0x00000000e6080000,0x00000000e6f80000)
 ParOldGen       total 104960K, used 34677K [0x0000000081a00000, 0x0000000088080000, 0x00000000d5e00000)
  object space 104960K, 33% used [0x0000000081a00000,0x0000000083bdd7e0,0x0000000088080000)
 Metaspace       used 51414K, capacity 52988K, committed 53120K, reserved 1095680K
  class space    used 6372K, capacity 6698K, committed 6784K, reserved 1048576K
Event: 26.356 GC heap after
Heap after GC invocations=17 (full 2):
 PSYoungGen      total 280064K, used 15343K [0x00000000d5e00000, 0x00000000ec200000, 0x0000000100000000)
  eden space 264704K, 0% used [0x00000000d5e00000,0x00000000d5e00000,0x00000000e6080000)
  from space 15360K, 99% used [0x00000000e6080000,0x00000000e6f7bff0,0x00000000e6f80000)
  to   space 22016K, 0% used [0x00000000eac80000,0x00000000eac80000,0x00000000ec200000)
 ParOldGen       total 104960K, used 46444K [0x0000000081a00000, 0x0000000088080000, 0x00000000d5e00000)
  object space 104960K, 44% used [0x0000000081a00000,0x000000008475b010,0x0000000088080000)
 Metaspace       used 51414K, capacity 52988K, committed 53120K, reserved 1095680K
  class space    used 6372K, capacity 6698K, committed 6784K, reserved 1048576K
}
Event: 30.159 GC heap before
{Heap before GC invocations=18 (full 2):
 PSYoungGen      total 280064K, used 280047K [0x00000000d5e00000, 0x00000000ec200000, 0x0000000100000000)
  eden space 264704K, 100% used [0x00000000d5e00000,0x00000000e6080000,0x00000000e6080000)
  from space 15360K, 99% used [0x00000000e6080000,0x00000000e6f7bff0,0x00000000e6f80000)
  to   space 22016K, 0% used [0x00000000eac80000,0x00000000eac80000,0x00000000ec200000)
 ParOldGen       total 104960K, used 46444K [0x0000000081a00000, 0x0000000088080000, 0x00000000d5e00000)
  object space 104960K, 44% used [0x0000000081a00000,0x000000008475b010,0x0000000088080000)
 Metaspace       used 55690K, capacity 57320K, committed 57472K, reserved 1099776K
  class space    used 6896K, capacity 7204K, committed 7296K, reserved 1048576K
Event: 30.203 GC heap after
Heap after GC invocations=18 (full 2):
 PSYoungGen      total 342016K, used 14502K [0x00000000d5e00000, 0x00000000ed480000, 0x0000000100000000)
  eden space 320000K, 0% used [0x00000000d5e00000,0x00000000d5e00000,0x00000000e9680000)
  from space 22016K, 65% used [0x00000000eac80000,0x00000000ebaa9838,0x00000000ec200000)
  to   space 22528K, 0% used [0x00000000e9680000,0x00000000e9680000,0x00000000eac80000)
 ParOldGen       total 104960K, used 56098K [0x0000000081a00000, 0x0000000088080000, 0x00000000d5e00000)
  object space 104960K, 53% used [0x0000000081a00000,0x00000000850c8bc8,0x0000000088080000)
 Metaspace       used 55690K, capacity 57320K, committed 57472K, reserved 1099776K
  class space    used 6896K, capacity 7204K, committed 7296K, reserved 1048576K
}
Event: 31.479 GC heap before
{Heap before GC invocations=19 (full 2):
 PSYoungGen      total 342016K, used 129658K [0x00000000d5e00000, 0x00000000ed480000, 0x0000000100000000)
  eden space 320000K, 35% used [0x00000000d5e00000,0x00000000dce751d8,0x00000000e9680000)
  from space 22016K, 65% used [0x00000000eac80000,0x00000000ebaa9838,0x00000000ec200000)
  to   space 22528K, 0% used [0x00000000e9680000,0x00000000e9680000,0x00000000eac80000)
 ParOldGen       total 104960K, used 56098K [0x0000000081a00000, 0x0000000088080000, 0x00000000d5e00000)
  object space 104960K, 53% used [0x0000000081a00000,0x00000000850c8bc8,0x0000000088080000)
 Metaspace       used 57181K, capacity 58924K, committed 59096K, reserved 1101824K
  class space    used 7092K, capacity 7458K, committed 7552K, reserved 1048576K
Event: 31.512 GC heap after
Heap after GC invocations=19 (full 2):
 PSYoungGen      total 342528K, used 14846K [0x00000000d5e00000, 0x00000000ed480000, 0x0000000100000000)
  eden space 320000K, 0% used [0x00000000d5e00000,0x00000000d5e00000,0x00000000e9680000)
  from space 22528K, 65% used [0x00000000e9680000,0x00000000ea4ffa80,0x00000000eac80000)
  to   space 22016K, 0% used [0x00000000eac80000,0x00000000eac80000,0x00000000ec200000)
 ParOldGen       total 104960K, used 56106K [0x0000000081a00000, 0x0000000088080000, 0x00000000d5e00000)
  object space 104960K, 53% used [0x0000000081a00000,0x00000000850cabc8,0x0000000088080000)
 Metaspace       used 57181K, capacity 58924K, committed 59096K, reserved 1101824K
  class space    used 7092K, capacity 7458K, committed 7552K, reserved 1048576K
}
Event: 31.512 GC heap before
{Heap before GC invocations=20 (full 3):
 PSYoungGen      total 342528K, used 14846K [0x00000000d5e00000, 0x00000000ed480000, 0x0000000100000000)
  eden space 320000K, 0% used [0x00000000d5e00000,0x00000000d5e00000,0x00000000e9680000)
  from space 22528K, 65% used [0x00000000e9680000,0x00000000ea4ffa80,0x00000000eac80000)
  to   space 22016K, 0% used [0x00000000eac80000,0x00000000eac80000,0x00000000ec200000)
 ParOldGen       total 104960K, used 56106K [0x0000000081a00000, 0x0000000088080000, 0x00000000d5e00000)
  object space 104960K, 53% used [0x0000000081a00000,0x00000000850cabc8,0x0000000088080000)
 Metaspace       used 57181K, capacity 58924K, committed 59096K, reserved 1101824K
  class space    used 7092K, capacity 7458K, committed 7552K, reserved 1048576K
Event: 31.920 GC heap after
Heap after GC invocations=20 (full 3):
 PSYoungGen      total 342528K, used 0K [0x00000000d5e00000, 0x00000000ed480000, 0x0000000100000000)
  eden space 320000K, 0% used [0x00000000d5e00000,0x00000000d5e00000,0x00000000e9680000)
  from space 22528K, 0% used [0x00000000e9680000,0x00000000e9680000,0x00000000eac80000)
  to   space 22016K, 0% used [0x00000000eac80000,0x00000000eac80000,0x00000000ec200000)
 ParOldGen       total 104960K, used 61423K [0x0000000081a00000, 0x0000000088080000, 0x00000000d5e00000)
  object space 104960K, 58% used [0x0000000081a00000,0x00000000855fbda0,0x0000000088080000)
 Metaspace       used 57181K, capacity 58924K, committed 59096K, reserved 1101824K
  class space    used 7092K, capacity 7458K, committed 7552K, reserved 1048576K
}
Event: 35.358 GC heap before
{Heap before GC invocations=21 (full 3):
 PSYoungGen      total 342528K, used 320000K [0x00000000d5e00000, 0x00000000ed480000, 0x0000000100000000)
  eden space 320000K, 100% used [0x00000000d5e00000,0x00000000e9680000,0x00000000e9680000)
  from space 22528K, 0% used [0x00000000e9680000,0x00000000e9680000,0x00000000eac80000)
  to   space 22016K, 0% used [0x00000000eac80000,0x00000000eac80000,0x00000000ec200000)
 ParOldGen       total 104960K, used 61423K [0x0000000081a00000, 0x0000000088080000, 0x00000000d5e00000)
  object space 104960K, 58% used [0x0000000081a00000,0x00000000855fbda0,0x0000000088080000)
 Metaspace       used 66872K, capacity 68840K, committed 69120K, reserved 1110016K
  class space    used 8493K, capacity 8858K, committed 8960K, reserved 1048576K
Event: 35.385 GC heap after
Heap after GC invocations=21 (full 3):
 PSYoungGen      total 342016K, used 21162K [0x00000000d5e00000, 0x00000000ed480000, 0x0000000100000000)
  eden space 320000K, 0% used [0x00000000d5e00000,0x00000000d5e00000,0x00000000e9680000)
  from space 22016K, 96% used [0x00000000eac80000,0x00000000ec12abd0,0x00000000ec200000)
  to   space 22528K, 0% used [0x00000000e9680000,0x00000000e9680000,0x00000000eac80000)
 ParOldGen       total 104960K, used 61431K [0x0000000081a00000, 0x0000000088080000, 0x00000000d5e00000)
  object space 104960K, 58% used [0x0000000081a00000,0x00000000855fdda0,0x0000000088080000)
 Metaspace       used 66872K, capacity 68840K, committed 69120K, reserved 1110016K
  class space    used 8493K, capacity 8858K, committed 8960K, reserved 1048576K
}

