# JRE version: Java(TM) SE Runtime Environment (8.0_144-b01) (build 1.8.0_144-b01)
# Java VM: Java HotSpot(TM) 64-Bit Server VM (25.144-b01 mixed mode windows-amd64 compressed oops)
Heap:
 PSYoungGen      total 141824K, used 138001K [0x00000000d5e00000, 0x00000000e3600000, 0x0000000100000000)
  eden space 131584K, 97% used [0x00000000d5e00000,0x00000000ddac4918,0x00000000dde80000)
  from space 10240K, 99% used [0x00000000dde80000,0x00000000de87fc58,0x00000000de880000)
  to   space 14336K, 0% used [0x00000000e2800000,0x00000000e2800000,0x00000000e3600000)
 ParOldGen       total 60416K, used 23308K [0x0000000081a00000, 0x0000000085500000, 0x00000000d5e00000)
  object space 60416K, 38% used [0x0000000081a00000,0x00000000830c32e8,0x0000000085500000)
 Metaspace       used 32377K, capacity 33226K, committed 33408K, reserved 1079296K
  class space    used 3912K, capacity 4117K, committed 4224K, reserved 1048576K
GC Heap History (10 events):
Event: 7.563 GC heap before
{Heap before GC invocations=8 (full 0):
 PSYoungGen      total 75264K, used 73632K [0x00000000d5e00000, 0x00000000df200000, 0x0000000100000000)
  eden space 66048K, 100% used [0x00000000d5e00000,0x00000000d9e80000,0x00000000d9e80000)
  from space 9216K, 82% used [0x00000000d9e80000,0x00000000da5e82f8,0x00000000da780000)
  to   space 9728K, 0% used [0x00000000de880000,0x00000000de880000,0x00000000df200000)
 ParOldGen       total 87552K, used 7364K [0x0000000081a00000, 0x0000000086f80000, 0x00000000d5e00000)
  object space 87552K, 8% used [0x0000000081a00000,0x0000000082131090,0x0000000086f80000)
 Metaspace       used 20105K, capacity 20628K, committed 20864K, reserved 1067008K
  class space    used 2470K, capacity 2616K, committed 2688K, reserved 1048576K
Event: 7.583 GC heap after
Heap after GC invocations=8 (full 0):
 PSYoungGen      total 141312K, used 8379K [0x00000000d5e00000, 0x00000000df300000, 0x0000000100000000)
  eden space 131584K, 0% used [0x00000000d5e00000,0x00000000d5e00000,0x00000000dde80000)
  from space 9728K, 86% used [0x00000000de880000,0x00000000df0aec80,0x00000000df200000)
  to   space 10240K, 0% used [0x00000000dde80000,0x00000000dde80000,0x00000000de880000)
 ParOldGen       total 87552K, used 8967K [0x0000000081a00000, 0x0000000086f80000, 0x00000000d5e00000)
  object space 87552K, 10% used [0x0000000081a00000,0x00000000822c1ed8,0x0000000086f80000)
 Metaspace       used 20105K, capacity 20628K, committed 20864K, reserved 1067008K
  class space    used 2470K, capacity 2616K, committed 2688K, reserved 1048576K
}
Event: 7.823 GC heap before
{Heap before GC invocations=9 (full 0):
 PSYoungGen      total 141312K, used 42514K [0x00000000d5e00000, 0x00000000df300000, 0x0000000100000000)
  eden space 131584K, 25% used [0x00000000d5e00000,0x00000000d7f55e50,0x00000000dde80000)
  from space 9728K, 86% used [0x00000000de880000,0x00000000df0aec80,0x00000000df200000)
  to   space 10240K, 0% used [0x00000000dde80000,0x00000000dde80000,0x00000000de880000)
 ParOldGen       total 87552K, used 8967K [0x0000000081a00000, 0x0000000086f80000, 0x00000000d5e00000)
  object space 87552K, 10% used [0x0000000081a00000,0x00000000822c1ed8,0x0000000086f80000)
 Metaspace       used 20672K, capacity 21208K, committed 21296K, reserved 1069056K
  class space    used 2518K, capacity 2682K, committed 2688K, reserved 1048576K
Event: 7.837 GC heap after
Heap after GC invocations=9 (full 0):
 PSYoungGen      total 141824K, used 7255K [0x00000000d5e00000, 0x00000000df300000, 0x0000000100000000)
  eden space 131584K, 0% used [0x00000000d5e00000,0x00000000d5e00000,0x00000000dde80000)
  from space 10240K, 70% used [0x00000000dde80000,0x00000000de595c58,0x00000000de880000)
  to   space 9728K, 0% used [0x00000000de880000,0x00000000de880000,0x00000000df200000)
 ParOldGen       total 87552K, used 10908K [0x0000000081a00000, 0x0000000086f80000, 0x00000000d5e00000)
  object space 87552K, 12% used [0x0000000081a00000,0x00000000824a7308,0x0000000086f80000)
 Metaspace       used 20672K, capacity 21208K, committed 21296K, reserved 1069056K
  class space    used 2518K, capacity 2682K, committed 2688K, reserved 1048576K
}
Event: 7.837 GC heap before
{Heap before GC invocations=10 (full 1):
 PSYoungGen      total 141824K, used 7255K [0x00000000d5e00000, 0x00000000df300000, 0x0000000100000000)
  eden space 131584K, 0% used [0x00000000d5e00000,0x00000000d5e00000,0x00000000dde80000)
  from space 10240K, 70% used [0x00000000dde80000,0x00000000de595c58,0x00000000de880000)
  to   space 9728K, 0% used [0x00000000de880000,0x00000000de880000,0x00000000df200000)
 ParOldGen       total 87552K, used 10908K [0x0000000081a00000, 0x0000000086f80000, 0x00000000d5e00000)
  object space 87552K, 12% used [0x0000000081a00000,0x00000000824a7308,0x0000000086f80000)
 Metaspace       used 20672K, capacity 21208K, committed 21296K, reserved 1069056K
  class space    used 2518K, capacity 2682K, committed 2688K, reserved 1048576K
Event: 7.910 GC heap after
Heap after GC invocations=10 (full 1):
 PSYoungGen      total 141824K, used 0K [0x00000000d5e00000, 0x00000000df300000, 0x0000000100000000)
  eden space 131584K, 0% used [0x00000000d5e00000,0x00000000d5e00000,0x00000000dde80000)
  from space 10240K, 0% used [0x00000000dde80000,0x00000000dde80000,0x00000000de880000)
  to   space 9728K, 0% used [0x00000000de880000,0x00000000de880000,0x00000000df200000)
 ParOldGen       total 60416K, used 16538K [0x0000000081a00000, 0x0000000085500000, 0x00000000d5e00000)
  object space 60416K, 27% used [0x0000000081a00000,0x0000000082a26a40,0x0000000085500000)
 Metaspace       used 20672K, capacity 21208K, committed 21296K, reserved 1069056K
  class space    used 2518K, capacity 2682K, committed 2688K, reserved 1048576K
}
Event: 9.009 GC heap before
{Heap before GC invocations=11 (full 1):
 PSYoungGen      total 141824K, used 131584K [0x00000000d5e00000, 0x00000000df300000, 0x0000000100000000)
  eden space 131584K, 100% used [0x00000000d5e00000,0x00000000dde80000,0x00000000dde80000)
  from space 10240K, 0% used [0x00000000dde80000,0x00000000dde80000,0x00000000de880000)
  to   space 9728K, 0% used [0x00000000de880000,0x00000000de880000,0x00000000df200000)
 ParOldGen       total 60416K, used 16538K [0x0000000081a00000, 0x0000000085500000, 0x00000000d5e00000)
  object space 60416K, 27% used [0x0000000081a00000,0x0000000082a26a40,0x0000000085500000)
 Metaspace       used 23810K, capacity 24352K, committed 24576K, reserved 1071104K
  class space    used 2828K, capacity 2976K, committed 3072K, reserved 1048576K
Event: 9.031 GC heap after
Heap after GC invocations=11 (full 1):
 PSYoungGen      total 141312K, used 9725K [0x00000000d5e00000, 0x00000000df300000, 0x0000000100000000)
  eden space 131584K, 0% used [0x00000000d5e00000,0x00000000d5e00000,0x00000000dde80000)
  from space 9728K, 99% used [0x00000000de880000,0x00000000df1ff688,0x00000000df200000)
  to   space 10240K, 0% used [0x00000000dde80000,0x00000000dde80000,0x00000000de880000)
 ParOldGen       total 60416K, used 18113K [0x0000000081a00000, 0x0000000085500000, 0x00000000d5e00000)
  object space 60416K, 29% used [0x0000000081a00000,0x0000000082bb0758,0x0000000085500000)
 Metaspace       used 23810K, capacity 24352K, committed 24576K, reserved 1071104K
  class space    used 2828K, capacity 2976K, committed 3072K, reserved 1048576K
}
Event: 10.149 GC heap before
{Heap before GC invocations=12 (full 1):
 PSYoungGen      total 141312K, used 141305K [0x00000000d5e00000, 0x00000000df300000, 0x0000000100000000)
  eden space 131584K, 99% used [0x00000000d5e00000,0x00000000dde7ed78,0x00000000dde80000)
  from space 9728K, 99% used [0x00000000de880000,0x00000000df1ff688,0x00000000df200000)
  to   space 10240K, 0% used [0x00000000dde80000,0x00000000dde80000,0x00000000de880000)
 ParOldGen       total 60416K, used 18113K [0x0000000081a00000, 0x0000000085500000, 0x00000000d5e00000)
  object space 60416K, 29% used [0x0000000081a00000,0x0000000082bb0758,0x0000000085500000)
 Metaspace       used 28725K, capacity 29330K, committed 29568K, reserved 1075200K
  class space    used 3461K, capacity 3635K, committed 3712K, reserved 1048576K
Event: 10.179 GC heap after
Heap after GC invocations=12 (full 1):
 PSYoungGen      total 141824K, used 10239K [0x00000000d5e00000, 0x00000000e3600000, 0x0000000100000000)
  eden space 131584K, 0% used [0x00000000d5e00000,0x00000000d5e00000,0x00000000dde80000)
  from space 10240K, 99% used [0x00000000dde80000,0x00000000de87fc58,0x00000000de880000)
  to   space 14336K, 0% used [0x00000000e2800000,0x00000000e2800000,0x00000000e3600000)
 ParOldGen       total 60416K, used 23308K [0x0000000081a00000, 0x0000000085500000, 0x00000000d5e00000)
  object space 60416K, 38% used [0x0000000081a00000,0x00000000830c32e8,0x0000000085500000)
 Metaspace       used 28725K, capacity 29330K, committed 29568K, reserved 1075200K
  class space    used 3461K, capacity 3635K, committed 3712K, reserved 1048576K
}

