# JRE version: Java(TM) SE Runtime Environment (8.0_144-b01) (build 1.8.0_144-b01)
# Java VM: Java HotSpot(TM) 64-Bit Server VM (25.144-b01 mixed mode windows-amd64 compressed oops)
Heap:
 PSYoungGen      total 462336K, used 29039K [0x00000000d5e00000, 0x00000000fc480000, 0x0000000100000000)
  eden space 435200K, 6% used [0x00000000d5e00000,0x00000000d7a5be30,0x00000000f0700000)
  from space 27136K, 0% used [0x00000000f0700000,0x00000000f0700000,0x00000000f2180000)
  to   space 26624K, 0% used [0x00000000faa80000,0x00000000faa80000,0x00000000fc480000)
 ParOldGen       total 157184K, used 62638K [0x0000000081a00000, 0x000000008b380000, 0x00000000d5e00000)
  object space 157184K, 39% used [0x0000000081a00000,0x000000008572b908,0x000000008b380000)
 Metaspace       used 57860K, capacity 59692K, committed 59992K, reserved 1101824K
  class space    used 7209K, capacity 7558K, committed 7680K, reserved 1048576K
GC Heap History (10 events):
Event: 19.464 GC heap before
{Heap before GC invocations=12 (full 2):
 PSYoungGen      total 350208K, used 15822K [0x00000000d5e00000, 0x00000000ef180000, 0x0000000100000000)
  eden space 330752K, 0% used [0x00000000d5e00000,0x00000000d5e00000,0x00000000ea100000)
  from space 19456K, 81% used [0x00000000eb580000,0x00000000ec4f3b40,0x00000000ec880000)
  to   space 20992K, 0% used [0x00000000ea100000,0x00000000ea100000,0x00000000eb580000)
 ParOldGen       total 62976K, used 27354K [0x0000000081a00000, 0x0000000085780000, 0x00000000d5e00000)
  object space 62976K, 43% used [0x0000000081a00000,0x00000000834b6ba0,0x0000000085780000)
 Metaspace       used 34382K, capacity 35394K, committed 35456K, reserved 1081344K
  class space    used 4186K, capacity 4427K, committed 4480K, reserved 1048576K
Event: 19.591 GC heap after
Heap after GC invocations=12 (full 2):
 PSYoungGen      total 350208K, used 0K [0x00000000d5e00000, 0x00000000ef180000, 0x0000000100000000)
  eden space 330752K, 0% used [0x00000000d5e00000,0x00000000d5e00000,0x00000000ea100000)
  from space 19456K, 0% used [0x00000000eb580000,0x00000000eb580000,0x00000000ec880000)
  to   space 20992K, 0% used [0x00000000ea100000,0x00000000ea100000,0x00000000eb580000)
 ParOldGen       total 98304K, used 32030K [0x0000000081a00000, 0x0000000087a00000, 0x00000000d5e00000)
  object space 98304K, 32% used [0x0000000081a00000,0x00000000839479f8,0x0000000087a00000)
 Metaspace       used 34382K, capacity 35394K, committed 35456K, reserved 1081344K
  class space    used 4186K, capacity 4427K, committed 4480K, reserved 1048576K
}
Event: 23.738 GC heap before
{Heap before GC invocations=13 (full 2):
 PSYoungGen      total 350208K, used 330752K [0x00000000d5e00000, 0x00000000ef180000, 0x0000000100000000)
  eden space 330752K, 100% used [0x00000000d5e00000,0x00000000ea100000,0x00000000ea100000)
  from space 19456K, 0% used [0x00000000eb580000,0x00000000eb580000,0x00000000ec880000)
  to   space 20992K, 0% used [0x00000000ea100000,0x00000000ea100000,0x00000000eb580000)
 ParOldGen       total 98304K, used 32030K [0x0000000081a00000, 0x0000000087a00000, 0x00000000d5e00000)
  object space 98304K, 32% used [0x0000000081a00000,0x00000000839479f8,0x0000000087a00000)
 Metaspace       used 47707K, capacity 48810K, committed 49152K, reserved 1091584K
  class space    used 5884K, capacity 6133K, committed 6144K, reserved 1048576K
Event: 23.787 GC heap after
Heap after GC invocations=13 (full 2):
 PSYoungGen      total 351744K, used 20980K [0x00000000d5e00000, 0x00000000f3d80000, 0x0000000100000000)
  eden space 330752K, 0% used [0x00000000d5e00000,0x00000000d5e00000,0x00000000ea100000)
  from space 20992K, 99% used [0x00000000ea100000,0x00000000eb57d270,0x00000000eb580000)
  to   space 25600K, 0% used [0x00000000f2480000,0x00000000f2480000,0x00000000f3d80000)
 ParOldGen       total 98304K, used 36993K [0x0000000081a00000, 0x0000000087a00000, 0x00000000d5e00000)
  object space 98304K, 37% used [0x0000000081a00000,0x0000000083e207f0,0x0000000087a00000)
 Metaspace       used 47707K, capacity 48810K, committed 49152K, reserved 1091584K
  class space    used 5884K, capacity 6133K, committed 6144K, reserved 1048576K
}
Event: 29.333 GC heap before
{Heap before GC invocations=14 (full 2):
 PSYoungGen      total 351744K, used 351732K [0x00000000d5e00000, 0x00000000f3d80000, 0x0000000100000000)
  eden space 330752K, 100% used [0x00000000d5e00000,0x00000000ea100000,0x00000000ea100000)
  from space 20992K, 99% used [0x00000000ea100000,0x00000000eb57d270,0x00000000eb580000)
  to   space 25600K, 0% used [0x00000000f2480000,0x00000000f2480000,0x00000000f3d80000)
 ParOldGen       total 98304K, used 36993K [0x0000000081a00000, 0x0000000087a00000, 0x00000000d5e00000)
  object space 98304K, 37% used [0x0000000081a00000,0x0000000083e207f0,0x0000000087a00000)
 Metaspace       used 54663K, capacity 56348K, committed 56576K, reserved 1099776K
  class space    used 6757K, capacity 7072K, committed 7168K, reserved 1048576K
Event: 29.388 GC heap after
Heap after GC invocations=14 (full 2):
 PSYoungGen      total 459264K, used 19062K [0x00000000d5e00000, 0x00000000f3c00000, 0x0000000100000000)
  eden space 435200K, 0% used [0x00000000d5e00000,0x00000000d5e00000,0x00000000f0700000)
  from space 24064K, 79% used [0x00000000f2480000,0x00000000f371dac8,0x00000000f3c00000)
  to   space 27136K, 0% used [0x00000000f0700000,0x00000000f0700000,0x00000000f2180000)
 ParOldGen       total 98304K, used 50770K [0x0000000081a00000, 0x0000000087a00000, 0x00000000d5e00000)
  object space 98304K, 51% used [0x0000000081a00000,0x0000000084b94868,0x0000000087a00000)
 Metaspace       used 54663K, capacity 56348K, committed 56576K, reserved 1099776K
  class space    used 6757K, capacity 7072K, committed 7168K, reserved 1048576K
}
Event: 31.434 GC heap before
{Heap before GC invocations=15 (full 2):
 PSYoungGen      total 459264K, used 185636K [0x00000000d5e00000, 0x00000000f3c00000, 0x0000000100000000)
  eden space 435200K, 38% used [0x00000000d5e00000,0x00000000e00ab6c8,0x00000000f0700000)
  from space 24064K, 79% used [0x00000000f2480000,0x00000000f371dac8,0x00000000f3c00000)
  to   space 27136K, 0% used [0x00000000f0700000,0x00000000f0700000,0x00000000f2180000)
 ParOldGen       total 98304K, used 50770K [0x0000000081a00000, 0x0000000087a00000, 0x00000000d5e00000)
  object space 98304K, 51% used [0x0000000081a00000,0x0000000084b94868,0x0000000087a00000)
 Metaspace       used 57199K, capacity 58900K, committed 59096K, reserved 1101824K
  class space    used 7087K, capacity 7426K, committed 7552K, reserved 1048576K
Event: 31.471 GC heap after
Heap after GC invocations=15 (full 2):
 PSYoungGen      total 462336K, used 7668K [0x00000000d5e00000, 0x00000000fc480000, 0x0000000100000000)
  eden space 435200K, 0% used [0x00000000d5e00000,0x00000000d5e00000,0x00000000f0700000)
  from space 27136K, 28% used [0x00000000f0700000,0x00000000f0e7d038,0x00000000f2180000)
  to   space 26624K, 0% used [0x00000000faa80000,0x00000000faa80000,0x00000000fc480000)
 ParOldGen       total 98304K, used 63837K [0x0000000081a00000, 0x0000000087a00000, 0x00000000d5e00000)
  object space 98304K, 64% used [0x0000000081a00000,0x00000000858576b8,0x0000000087a00000)
 Metaspace       used 57199K, capacity 58900K, committed 59096K, reserved 1101824K
  class space    used 7087K, capacity 7426K, committed 7552K, reserved 1048576K
}
Event: 31.471 GC heap before
{Heap before GC invocations=16 (full 3):
 PSYoungGen      total 462336K, used 7668K [0x00000000d5e00000, 0x00000000fc480000, 0x0000000100000000)
  eden space 435200K, 0% used [0x00000000d5e00000,0x00000000d5e00000,0x00000000f0700000)
  from space 27136K, 28% used [0x00000000f0700000,0x00000000f0e7d038,0x00000000f2180000)
  to   space 26624K, 0% used [0x00000000faa80000,0x00000000faa80000,0x00000000fc480000)
 ParOldGen       total 98304K, used 63837K [0x0000000081a00000, 0x0000000087a00000, 0x00000000d5e00000)
  object space 98304K, 64% used [0x0000000081a00000,0x00000000858576b8,0x0000000087a00000)
 Metaspace       used 57199K, capacity 58900K, committed 59096K, reserved 1101824K
  class space    used 7087K, capacity 7426K, committed 7552K, reserved 1048576K
Event: 31.906 GC heap after
Heap after GC invocations=16 (full 3):
 PSYoungGen      total 462336K, used 0K [0x00000000d5e00000, 0x00000000fc480000, 0x0000000100000000)
  eden space 435200K, 0% used [0x00000000d5e00000,0x00000000d5e00000,0x00000000f0700000)
  from space 27136K, 0% used [0x00000000f0700000,0x00000000f0700000,0x00000000f2180000)
  to   space 26624K, 0% used [0x00000000faa80000,0x00000000faa80000,0x00000000fc480000)
 ParOldGen       total 157184K, used 62638K [0x0000000081a00000, 0x000000008b380000, 0x00000000d5e00000)
  object space 157184K, 39% used [0x0000000081a00000,0x000000008572b908,0x000000008b380000)
 Metaspace       used 57199K, capacity 58900K, committed 59096K, reserved 1101824K
  class space    used 7087K, capacity 7426K, committed 7552K, reserved 1048576K
}

